<?xml version="1.0" encoding="UTF-8"?>
<testsuite name="ohtuesimerkki.StatisticsTest" tests="5" skipped="0" failures="0" errors="0" timestamp="2017-11-05T16:19:13" hostname="KENNELI-LAPTOP" time="0.005">
  <properties/>
  <testcase name="hakuOnnistuu" classname="ohtuesimerkki.StatisticsTest" time="0.002"/>
  <testcase name="hakuEpaonnistuu" classname="ohtuesimerkki.StatisticsTest" time="0.0"/>
  <testcase name="oikeanKokoinenLista" classname="ohtuesimerkki.StatisticsTest" time="0.001"/>
  <testcase name="oikeaPelaajaListalla" classname="ohtuesimerkki.StatisticsTest" time="0.0"/>
  <testcase name="oikeaParasScoraaja" classname="ohtuesimerkki.StatisticsTest" time="0.001"/>
  <system-out><![CDATA[]]></system-out>
  <system-err><![CDATA[]]></system-err>
</testsuite>
