<?xml version="1.0" encoding="UTF-8"?>
<testsuite name="ohtuesimerkki.StatisticsTest" tests="5" skipped="0" failures="0" errors="0" timestamp="2017-10-31T17:52:37" hostname="da3-cs-dk110-02" time="0.006">
  <properties/>
  <testcase name="topScorersAreTop" classname="ohtuesimerkki.StatisticsTest" time="0.002"/>
  <testcase name="testTeam" classname="ohtuesimerkki.StatisticsTest" time="0.001"/>
  <testcase name="topScorersWeirdParams" classname="ohtuesimerkki.StatisticsTest" time="0.001"/>
  <testcase name="testEveryoneFound" classname="ohtuesimerkki.StatisticsTest" time="0.001"/>
  <testcase name="testSearch" classname="ohtuesimerkki.StatisticsTest" time="0.001"/>
  <system-out><![CDATA[]]></system-out>
  <system-err><![CDATA[]]></system-err>
</testsuite>
