<?xml version="1.0" encoding="UTF-8"?>
<testsuite name="ohtuesimerkki.StatisticsTest" tests="3" skipped="0" failures="0" errors="0" timestamp="2017-11-01T12:30:30" hostname="fuxi16" time="0.01">
  <properties/>
  <testcase name="parhaatMaalintekijat" classname="ohtuesimerkki.StatisticsTest" time="0.006"/>
  <testcase name="testaaLoytyykoJoukkue" classname="ohtuesimerkki.StatisticsTest" time="0.0"/>
  <testcase name="testaaLoytyykoPelaaja" classname="ohtuesimerkki.StatisticsTest" time="0.001"/>
  <system-out><![CDATA[]]></system-out>
  <system-err><![CDATA[]]></system-err>
</testsuite>
